2018-06-19 21:56:43.051  INFO 4692 --- [main] c.b.otr.FileServiceApplicationTests      : Starting FileServiceApplicationTests on jim_8-PC with PID 4692 (started by jim_8 in C:\workspace\otr-file-service-spring)
2018-06-19 21:56:43.053  INFO 4692 --- [main] c.b.otr.FileServiceApplicationTests      : The following profiles are active: dev
2018-06-19 21:56:43.068  INFO 4692 --- [main] ConfigServletWebServerApplicationContext : Refreshing org.springframework.boot.web.servlet.context.AnnotationConfigServletWebServerApplicationContext@311bf055: startup date [Tue Jun 19 21:56:43 EDT 2018]; root of context hierarchy
2018-06-19 21:56:45.291  INFO 4692 --- [main] trationDelegate$BeanPostProcessorChecker : Bean 'org.springframework.transaction.annotation.ProxyTransactionManagementConfiguration' of type [org.springframework.transaction.annotation.ProxyTransactionManagementConfiguration$$EnhancerBySpringCGLIB$$ee099308] is not eligible for getting processed by all BeanPostProcessors (for example: not eligible for auto-proxying)
2018-06-19 21:56:45.820  INFO 4692 --- [main] o.s.b.w.embedded.tomcat.TomcatWebServer  : Tomcat initialized with port(s): 0 (http)
2018-06-19 21:56:45.843  INFO 4692 --- [main] o.apache.catalina.core.StandardService   : Starting service [Tomcat]
2018-06-19 21:56:45.844  INFO 4692 --- [main] org.apache.catalina.core.StandardEngine  : Starting Servlet Engine: Apache Tomcat/8.5.31
2018-06-19 21:56:45.851  INFO 4692 --- [localhost-startStop-1] o.a.catalina.core.AprLifecycleListener   : The APR based Apache Tomcat Native library which allows optimal performance in production environments was not found on the java.library.path: [C:\Program Files\Java\jdk1.8.0_92\jre\bin;C:\Windows\Sun\Java\bin;C:\Windows\system32;C:\Windows;C:/Program Files/Java/jdk1.8.0_92/bin/../jre/bin/server;C:/Program Files/Java/jdk1.8.0_92/bin/../jre/bin;C:/Program Files/Java/jdk1.8.0_92/bin/../jre/lib/amd64;C:\Program Files\Java\jdk1.8.0_92\bin;C:\Program Files\curl-7.60.0-win64-mingw\bin;C:\ProgramData\Oracle\Java\javapath;C:\Program Files (x86)\Intel\iCLS Client\;C:\Program Files\Intel\iCLS Client\;C:\Program Files\Common Files\Microsoft Shared\Windows Live;C:\Program Files (x86)\Common Files\Microsoft Shared\Windows Live;C:\Windows\system32;C:\Windows;C:\Windows\System32\Wbem;C:\Windows\System32\WindowsPowerShell\v1.0\;C:\Program Files (x86)\Windows Live\Shared;C:\Program Files (x86)\Intel\OpenCL SDK\3.0\bin\x86;C:\Program Files (x86)\Intel\OpenCL SDK\3.0\bin\x64;C:\Program Files\Intel\Intel(R) Management Engine Components\DAL;C:\Program Files\Intel\Intel(R) Management Engine Components\IPT;C:\Program Files (x86)\Intel\Intel(R) Management Engine Components\DAL;C:\Program Files (x86)\Intel\Intel(R) Management Engine Components\IPT;C:\Program Files (x86)\MySQL\MySQL Fabric 1.5.4 & MySQL Utilities 1.5.4 1.5\;C:\Program Files (x86)\MySQL\MySQL Fabric 1.5.4 & MySQL Utilities 1.5.4 1.5\Doctrine extensions for PHP\;C:\Program Files\nodejs\;C:\Users\jim_8\AppData\Roaming\npm;C:\Windows\system32;;.]
2018-06-19 21:56:45.964  INFO 4692 --- [localhost-startStop-1] o.a.c.c.C.[Tomcat].[localhost].[/]       : Initializing Spring embedded WebApplicationContext
2018-06-19 21:56:45.965  INFO 4692 --- [localhost-startStop-1] o.s.web.context.ContextLoader            : Root WebApplicationContext: initialization completed in 2897 ms
2018-06-19 21:56:46.375  INFO 4692 --- [localhost-startStop-1] com.zaxxer.hikari.HikariDataSource       : HikariPool-1 - Starting...
2018-06-19 21:56:46.650  INFO 4692 --- [localhost-startStop-1] com.zaxxer.hikari.HikariDataSource       : HikariPool-1 - Start completed.
2018-06-19 21:56:46.694  INFO 4692 --- [localhost-startStop-1] j.LocalContainerEntityManagerFactoryBean : Building JPA container EntityManagerFactory for persistence unit 'default'
2018-06-19 21:56:46.719  INFO 4692 --- [localhost-startStop-1] o.hibernate.jpa.internal.util.LogHelper  : HHH000204: Processing PersistenceUnitInfo [
	name: default
	...]
2018-06-19 21:56:46.839  INFO 4692 --- [localhost-startStop-1] org.hibernate.Version                    : HHH000412: Hibernate Core {5.2.17.Final}
2018-06-19 21:56:46.841  INFO 4692 --- [localhost-startStop-1] org.hibernate.cfg.Environment            : HHH000206: hibernate.properties not found
2018-06-19 21:56:46.924  INFO 4692 --- [localhost-startStop-1] o.hibernate.annotations.common.Version   : HCANN000001: Hibernate Commons Annotations {5.0.1.Final}
2018-06-19 21:56:47.097  INFO 4692 --- [localhost-startStop-1] org.hibernate.dialect.Dialect            : HHH000400: Using dialect: org.hibernate.dialect.MySQL5InnoDBDialect
2018-06-19 21:56:47.794  INFO 4692 --- [localhost-startStop-1] j.LocalContainerEntityManagerFactoryBean : Initialized JPA EntityManagerFactory for persistence unit 'default'
2018-06-19 21:56:48.229  INFO 4692 --- [localhost-startStop-1] o.s.b.w.servlet.ServletRegistrationBean  : Servlet dispatcherServlet mapped to [/]
2018-06-19 21:56:48.252  INFO 4692 --- [localhost-startStop-1] o.s.b.w.servlet.ServletRegistrationBean  : Servlet com.blastfurnace.otr.servlet.FileServer mapped to [/FileServer]
2018-06-19 21:56:48.254  INFO 4692 --- [localhost-startStop-1] o.s.b.w.servlet.ServletRegistrationBean  : Servlet com.blastfurnace.otr.servlet.LogServlet mapped to [/log]
2018-06-19 21:56:48.254  INFO 4692 --- [localhost-startStop-1] o.s.b.w.servlet.ServletRegistrationBean  : Servlet com.blastfurnace.otr.servlet.PingServlet mapped to [/ping]
2018-06-19 21:56:48.261  INFO 4692 --- [localhost-startStop-1] o.s.b.w.servlet.FilterRegistrationBean   : Mapping filter: 'characterEncodingFilter' to: [/*]
2018-06-19 21:56:48.261  INFO 4692 --- [localhost-startStop-1] o.s.b.w.servlet.FilterRegistrationBean   : Mapping filter: 'hiddenHttpMethodFilter' to: [/*]
2018-06-19 21:56:48.262  INFO 4692 --- [localhost-startStop-1] o.s.b.w.servlet.FilterRegistrationBean   : Mapping filter: 'httpPutFormContentFilter' to: [/*]
2018-06-19 21:56:48.262  INFO 4692 --- [localhost-startStop-1] o.s.b.w.servlet.FilterRegistrationBean   : Mapping filter: 'requestContextFilter' to: [/*]
2018-06-19 21:56:48.262  INFO 4692 --- [localhost-startStop-1] o.s.b.w.servlet.FilterRegistrationBean   : Mapping filter: 'httpTraceFilter' to: [/*]
2018-06-19 21:56:48.262  INFO 4692 --- [localhost-startStop-1] o.s.b.w.servlet.FilterRegistrationBean   : Mapping filter: 'webMvcMetricsFilter' to: [/*]
2018-06-19 21:56:48.502  INFO 4692 --- [main] o.h.h.i.QueryTranslatorFactoryInitiator  : HHH000397: Using ASTQueryTranslatorFactory
2018-06-19 21:56:48.813  INFO 4692 --- [main] o.s.w.s.handler.SimpleUrlHandlerMapping  : Mapped URL path [/**/favicon.ico] onto handler of type [class org.springframework.web.servlet.resource.ResourceHttpRequestHandler]
2018-06-19 21:56:49.332  INFO 4692 --- [main] s.w.s.m.m.a.RequestMappingHandlerAdapter : Looking for @ControllerAdvice: org.springframework.boot.web.servlet.context.AnnotationConfigServletWebServerApplicationContext@311bf055: startup date [Tue Jun 19 21:56:43 EDT 2018]; root of context hierarchy
2018-06-19 21:56:49.379  WARN 4692 --- [main] aWebConfiguration$JpaWebMvcConfiguration : spring.jpa.open-in-view is enabled by default. Therefore, database queries may be performed during view rendering. Explicitly configure spring.jpa.open-in-view to disable this warning
2018-06-19 21:56:49.419  INFO 4692 --- [main] s.w.s.m.m.a.RequestMappingHandlerMapping : Mapped "{[/rest/fileExists/{id:[\d]+}],methods=[GET]}" onto public org.springframework.http.ResponseEntity<com.blastfurnace.otr.rest.response.GenericRestResponse<com.blastfurnace.otr.model.AudioFileProperties>> com.blastfurnace.otr.rest.AudioDataRestController.get(long)
2018-06-19 21:56:49.422  INFO 4692 --- [main] s.w.s.m.m.a.RequestMappingHandlerMapping : Mapped "{[/error]}" onto public org.springframework.http.ResponseEntity<java.util.Map<java.lang.String, java.lang.Object>> org.springframework.boot.autoconfigure.web.servlet.error.BasicErrorController.error(javax.servlet.http.HttpServletRequest)
2018-06-19 21:56:49.423  INFO 4692 --- [main] s.w.s.m.m.a.RequestMappingHandlerMapping : Mapped "{[/error],produces=[text/html]}" onto public org.springframework.web.servlet.ModelAndView org.springframework.boot.autoconfigure.web.servlet.error.BasicErrorController.errorHtml(javax.servlet.http.HttpServletRequest,javax.servlet.http.HttpServletResponse)
2018-06-19 21:56:49.467  INFO 4692 --- [main] o.s.w.s.handler.SimpleUrlHandlerMapping  : Mapped URL path [/webjars/**] onto handler of type [class org.springframework.web.servlet.resource.ResourceHttpRequestHandler]
2018-06-19 21:56:49.468  INFO 4692 --- [main] o.s.w.s.handler.SimpleUrlHandlerMapping  : Mapped URL path [/**] onto handler of type [class org.springframework.web.servlet.resource.ResourceHttpRequestHandler]
2018-06-19 21:56:50.477  INFO 4692 --- [main] ConfigServletWebServerApplicationContext : Refreshing org.springframework.boot.web.servlet.context.AnnotationConfigServletWebServerApplicationContext@58f4b31a: startup date [Tue Jun 19 21:56:50 EDT 2018]; parent: org.springframework.boot.web.servlet.context.AnnotationConfigServletWebServerApplicationContext@311bf055
2018-06-19 21:56:50.554  INFO 4692 --- [main] o.s.b.f.s.DefaultListableBeanFactory     : Overriding bean definition for bean 'handlerExceptionResolver' with a different definition: replacing [Root bean: class [null]; scope=; abstract=false; lazyInit=false; autowireMode=3; dependencyCheck=0; autowireCandidate=true; primary=false; factoryBeanName=org.springframework.web.servlet.config.annotation.DelegatingWebMvcConfiguration; factoryMethodName=handlerExceptionResolver; initMethodName=null; destroyMethodName=(inferred); defined in class path resource [org/springframework/web/servlet/config/annotation/DelegatingWebMvcConfiguration.class]] with [Root bean: class [null]; scope=; abstract=false; lazyInit=false; autowireMode=3; dependencyCheck=0; autowireCandidate=true; primary=false; factoryBeanName=org.springframework.boot.actuate.autoconfigure.web.servlet.WebMvcEndpointChildContextConfiguration; factoryMethodName=compositeHandlerExceptionResolver; initMethodName=null; destroyMethodName=(inferred); defined in class path resource [org/springframework/boot/actuate/autoconfigure/web/servlet/WebMvcEndpointChildContextConfiguration.class]]
2018-06-19 21:56:50.612  INFO 4692 --- [main] o.s.b.w.embedded.tomcat.TomcatWebServer  : Tomcat initialized with port(s): 9001 (http)
2018-06-19 21:56:50.613  INFO 4692 --- [main] o.apache.catalina.core.StandardService   : Starting service [Tomcat]
2018-06-19 21:56:50.614  INFO 4692 --- [main] org.apache.catalina.core.StandardEngine  : Starting Servlet Engine: Apache Tomcat/8.5.31
2018-06-19 21:56:50.621  INFO 4692 --- [localhost-startStop-1] o.a.c.c.C.[Tomcat-1].[localhost].[/]     : Initializing Spring embedded WebApplicationContext
2018-06-19 21:56:50.621  INFO 4692 --- [localhost-startStop-1] o.s.web.context.ContextLoader            : Root WebApplicationContext: initialization completed in 145 ms
2018-06-19 21:56:50.647  INFO 4692 --- [localhost-startStop-1] o.s.b.w.servlet.ServletRegistrationBean  : Servlet dispatcherServlet mapped to [/]
2018-06-19 21:56:50.668  INFO 4692 --- [main] o.s.b.a.e.web.EndpointLinksResolver      : Exposing 2 endpoint(s) beneath base path '/actuator'
2018-06-19 21:56:50.682  INFO 4692 --- [main] s.b.a.e.w.s.WebMvcEndpointHandlerMapping : Mapped "{[/actuator/health],methods=[GET],produces=[application/vnd.spring-boot.actuator.v2+json || application/json]}" onto public java.lang.Object org.springframework.boot.actuate.endpoint.web.servlet.AbstractWebMvcEndpointHandlerMapping$OperationHandler.handle(javax.servlet.http.HttpServletRequest,java.util.Map<java.lang.String, java.lang.String>)
2018-06-19 21:56:50.683  INFO 4692 --- [main] s.b.a.e.w.s.WebMvcEndpointHandlerMapping : Mapped "{[/actuator/info],methods=[GET],produces=[application/vnd.spring-boot.actuator.v2+json || application/json]}" onto public java.lang.Object org.springframework.boot.actuate.endpoint.web.servlet.AbstractWebMvcEndpointHandlerMapping$OperationHandler.handle(javax.servlet.http.HttpServletRequest,java.util.Map<java.lang.String, java.lang.String>)
2018-06-19 21:56:50.684  INFO 4692 --- [main] s.b.a.e.w.s.WebMvcEndpointHandlerMapping : Mapped "{[/actuator],methods=[GET],produces=[application/vnd.spring-boot.actuator.v2+json || application/json]}" onto protected java.util.Map<java.lang.String, java.util.Map<java.lang.String, org.springframework.boot.actuate.endpoint.web.Link>> org.springframework.boot.actuate.endpoint.web.servlet.WebMvcEndpointHandlerMapping.links(javax.servlet.http.HttpServletRequest,javax.servlet.http.HttpServletResponse)
2018-06-19 21:56:50.722  INFO 4692 --- [main] s.w.s.m.m.a.RequestMappingHandlerMapping : Mapped "{[/error]}" onto public java.util.Map<java.lang.String, java.lang.Object> org.springframework.boot.actuate.autoconfigure.web.servlet.ManagementErrorEndpoint.invoke(org.springframework.web.context.request.ServletWebRequest)
2018-06-19 21:56:50.729  INFO 4692 --- [main] o.s.w.s.handler.SimpleUrlHandlerMapping  : Mapped URL path [/webjars/**] onto handler of type [class org.springframework.web.servlet.resource.ResourceHttpRequestHandler]
2018-06-19 21:56:50.730  INFO 4692 --- [main] o.s.w.s.handler.SimpleUrlHandlerMapping  : Mapped URL path [/**] onto handler of type [class org.springframework.web.servlet.resource.ResourceHttpRequestHandler]
2018-06-19 21:56:50.748  INFO 4692 --- [main] s.w.s.m.m.a.RequestMappingHandlerAdapter : Looking for @ControllerAdvice: org.springframework.boot.web.servlet.context.AnnotationConfigServletWebServerApplicationContext@58f4b31a: startup date [Tue Jun 19 21:56:50 EDT 2018]; parent: org.springframework.boot.web.servlet.context.AnnotationConfigServletWebServerApplicationContext@311bf055
2018-06-19 21:56:50.846  INFO 4692 --- [main] o.s.b.w.embedded.tomcat.TomcatWebServer  : Tomcat started on port(s): 9001 (http) with context path ''
2018-06-19 21:56:50.864  INFO 4692 --- [main] o.s.b.w.embedded.tomcat.TomcatWebServer  : Tomcat started on port(s): 57990 (http) with context path ''
2018-06-19 21:56:50.866  INFO 4692 --- [main] c.b.otr.FileServiceApplicationTests      : Started FileServiceApplicationTests in 8.069 seconds (JVM running for 8.786)
2018-06-19 21:56:51.546  INFO 4692 --- [http-nio-127.0.0.1-9001-exec-1] o.a.c.c.C.[Tomcat-1].[localhost].[/]     : Initializing Spring FrameworkServlet 'dispatcherServlet'
2018-06-19 21:56:51.547  INFO 4692 --- [http-nio-127.0.0.1-9001-exec-1] o.s.web.servlet.DispatcherServlet        : FrameworkServlet 'dispatcherServlet': initialization started
2018-06-19 21:56:51.563  INFO 4692 --- [http-nio-127.0.0.1-9001-exec-1] o.s.web.servlet.DispatcherServlet        : FrameworkServlet 'dispatcherServlet': initialization completed in 15 ms
2018-06-19 21:56:51.813  INFO 4692 --- [Thread-6] ConfigServletWebServerApplicationContext : Closing org.springframework.boot.web.servlet.context.AnnotationConfigServletWebServerApplicationContext@311bf055: startup date [Tue Jun 19 21:56:43 EDT 2018]; root of context hierarchy
2018-06-19 21:56:51.814  INFO 4692 --- [Thread-6] ConfigServletWebServerApplicationContext : Closing org.springframework.boot.web.servlet.context.AnnotationConfigServletWebServerApplicationContext@58f4b31a: startup date [Tue Jun 19 21:56:50 EDT 2018]; parent: org.springframework.boot.web.servlet.context.AnnotationConfigServletWebServerApplicationContext@311bf055
2018-06-19 21:56:51.899  INFO 4692 --- [Thread-6] j.LocalContainerEntityManagerFactoryBean : Closing JPA EntityManagerFactory for persistence unit 'default'
2018-06-19 21:56:51.900  INFO 4692 --- [Thread-6] com.zaxxer.hikari.HikariDataSource       : HikariPool-1 - Shutdown initiated...
2018-06-19 21:56:51.903  INFO 4692 --- [Thread-6] com.zaxxer.hikari.HikariDataSource       : HikariPool-1 - Shutdown completed.
2018-06-19 22:15:26.181  INFO 6900 --- [main] c.b.otr.FileServiceApplicationTests      : Starting FileServiceApplicationTests on jim_8-PC with PID 6900 (started by jim_8 in C:\workspace\otr-file-service-spring)
2018-06-19 22:15:26.182  INFO 6900 --- [main] c.b.otr.FileServiceApplicationTests      : The following profiles are active: dev
2018-06-19 22:15:26.200  INFO 6900 --- [main] ConfigServletWebServerApplicationContext : Refreshing org.springframework.boot.web.servlet.context.AnnotationConfigServletWebServerApplicationContext@415b0b49: startup date [Tue Jun 19 22:15:26 EDT 2018]; root of context hierarchy
2018-06-19 22:15:27.694  INFO 6900 --- [main] trationDelegate$BeanPostProcessorChecker : Bean 'org.springframework.transaction.annotation.ProxyTransactionManagementConfiguration' of type [org.springframework.transaction.annotation.ProxyTransactionManagementConfiguration$$EnhancerBySpringCGLIB$$be702839] is not eligible for getting processed by all BeanPostProcessors (for example: not eligible for auto-proxying)
2018-06-19 22:15:28.179  INFO 6900 --- [main] o.s.b.w.embedded.tomcat.TomcatWebServer  : Tomcat initialized with port(s): 0 (http)
2018-06-19 22:15:28.212  INFO 6900 --- [main] o.apache.catalina.core.StandardService   : Starting service [Tomcat]
2018-06-19 22:15:28.213  INFO 6900 --- [main] org.apache.catalina.core.StandardEngine  : Starting Servlet Engine: Apache Tomcat/8.5.31
2018-06-19 22:15:28.228  INFO 6900 --- [localhost-startStop-1] o.a.catalina.core.AprLifecycleListener   : The APR based Apache Tomcat Native library which allows optimal performance in production environments was not found on the java.library.path: [C:\Program Files\Java\jdk1.8.0_92\jre\bin;C:\Windows\Sun\Java\bin;C:\Windows\system32;C:\Windows;C:/Program Files/Java/jdk1.8.0_92/bin/../jre/bin/server;C:/Program Files/Java/jdk1.8.0_92/bin/../jre/bin;C:/Program Files/Java/jdk1.8.0_92/bin/../jre/lib/amd64;C:\Program Files\Java\jdk1.8.0_92\bin;C:\Program Files\curl-7.60.0-win64-mingw\bin;C:\ProgramData\Oracle\Java\javapath;C:\Program Files (x86)\Intel\iCLS Client\;C:\Program Files\Intel\iCLS Client\;C:\Program Files\Common Files\Microsoft Shared\Windows Live;C:\Program Files (x86)\Common Files\Microsoft Shared\Windows Live;C:\Windows\system32;C:\Windows;C:\Windows\System32\Wbem;C:\Windows\System32\WindowsPowerShell\v1.0\;C:\Program Files (x86)\Windows Live\Shared;C:\Program Files (x86)\Intel\OpenCL SDK\3.0\bin\x86;C:\Program Files (x86)\Intel\OpenCL SDK\3.0\bin\x64;C:\Program Files\Intel\Intel(R) Management Engine Components\DAL;C:\Program Files\Intel\Intel(R) Management Engine Components\IPT;C:\Program Files (x86)\Intel\Intel(R) Management Engine Components\DAL;C:\Program Files (x86)\Intel\Intel(R) Management Engine Components\IPT;C:\Program Files (x86)\MySQL\MySQL Fabric 1.5.4 & MySQL Utilities 1.5.4 1.5\;C:\Program Files (x86)\MySQL\MySQL Fabric 1.5.4 & MySQL Utilities 1.5.4 1.5\Doctrine extensions for PHP\;C:\Program Files\nodejs\;C:\Users\jim_8\AppData\Roaming\npm;C:\Windows\system32;;.]
2018-06-19 22:15:28.351  INFO 6900 --- [localhost-startStop-1] o.a.c.c.C.[Tomcat].[localhost].[/]       : Initializing Spring embedded WebApplicationContext
2018-06-19 22:15:28.351  INFO 6900 --- [localhost-startStop-1] o.s.web.context.ContextLoader            : Root WebApplicationContext: initialization completed in 2151 ms
2018-06-19 22:15:28.844  INFO 6900 --- [localhost-startStop-1] com.zaxxer.hikari.HikariDataSource       : HikariPool-1 - Starting...
2018-06-19 22:15:29.075  INFO 6900 --- [localhost-startStop-1] com.zaxxer.hikari.HikariDataSource       : HikariPool-1 - Start completed.
2018-06-19 22:15:29.126  INFO 6900 --- [localhost-startStop-1] j.LocalContainerEntityManagerFactoryBean : Building JPA container EntityManagerFactory for persistence unit 'default'
2018-06-19 22:15:29.147  INFO 6900 --- [localhost-startStop-1] o.hibernate.jpa.internal.util.LogHelper  : HHH000204: Processing PersistenceUnitInfo [
	name: default
	...]
2018-06-19 22:15:29.259  INFO 6900 --- [localhost-startStop-1] org.hibernate.Version                    : HHH000412: Hibernate Core {5.2.17.Final}
2018-06-19 22:15:29.261  INFO 6900 --- [localhost-startStop-1] org.hibernate.cfg.Environment            : HHH000206: hibernate.properties not found
2018-06-19 22:15:29.318  INFO 6900 --- [localhost-startStop-1] o.hibernate.annotations.common.Version   : HCANN000001: Hibernate Commons Annotations {5.0.1.Final}
2018-06-19 22:15:29.539  INFO 6900 --- [localhost-startStop-1] org.hibernate.dialect.Dialect            : HHH000400: Using dialect: org.hibernate.dialect.MySQL5InnoDBDialect
2018-06-19 22:15:30.339  INFO 6900 --- [localhost-startStop-1] j.LocalContainerEntityManagerFactoryBean : Initialized JPA EntityManagerFactory for persistence unit 'default'
2018-06-19 22:15:30.808  INFO 6900 --- [localhost-startStop-1] o.s.b.w.servlet.ServletRegistrationBean  : Servlet dispatcherServlet mapped to [/]
2018-06-19 22:15:30.811  INFO 6900 --- [localhost-startStop-1] o.s.b.w.servlet.ServletRegistrationBean  : Servlet com.blastfurnace.otr.servlet.FileServer mapped to [/FileServer]
2018-06-19 22:15:30.812  INFO 6900 --- [localhost-startStop-1] o.s.b.w.servlet.ServletRegistrationBean  : Servlet com.blastfurnace.otr.servlet.LogServlet mapped to [/log]
2018-06-19 22:15:30.812  INFO 6900 --- [localhost-startStop-1] o.s.b.w.servlet.ServletRegistrationBean  : Servlet com.blastfurnace.otr.servlet.PingServlet mapped to [/ping]
2018-06-19 22:15:30.815  INFO 6900 --- [localhost-startStop-1] o.s.b.w.servlet.FilterRegistrationBean   : Mapping filter: 'characterEncodingFilter' to: [/*]
2018-06-19 22:15:30.815  INFO 6900 --- [localhost-startStop-1] o.s.b.w.servlet.FilterRegistrationBean   : Mapping filter: 'hiddenHttpMethodFilter' to: [/*]
2018-06-19 22:15:30.815  INFO 6900 --- [localhost-startStop-1] o.s.b.w.servlet.FilterRegistrationBean   : Mapping filter: 'httpPutFormContentFilter' to: [/*]
2018-06-19 22:15:30.815  INFO 6900 --- [localhost-startStop-1] o.s.b.w.servlet.FilterRegistrationBean   : Mapping filter: 'requestContextFilter' to: [/*]
2018-06-19 22:15:30.816  INFO 6900 --- [localhost-startStop-1] o.s.b.w.servlet.FilterRegistrationBean   : Mapping filter: 'httpTraceFilter' to: [/*]
2018-06-19 22:15:30.816  INFO 6900 --- [localhost-startStop-1] o.s.b.w.servlet.FilterRegistrationBean   : Mapping filter: 'webMvcMetricsFilter' to: [/*]
2018-06-19 22:15:30.947  INFO 6900 --- [main] o.h.h.i.QueryTranslatorFactoryInitiator  : HHH000397: Using ASTQueryTranslatorFactory
2018-06-19 22:15:31.281  INFO 6900 --- [main] o.s.w.s.handler.SimpleUrlHandlerMapping  : Mapped URL path [/**/favicon.ico] onto handler of type [class org.springframework.web.servlet.resource.ResourceHttpRequestHandler]
2018-06-19 22:15:31.606  INFO 6900 --- [main] s.w.s.m.m.a.RequestMappingHandlerAdapter : Looking for @ControllerAdvice: org.springframework.boot.web.servlet.context.AnnotationConfigServletWebServerApplicationContext@415b0b49: startup date [Tue Jun 19 22:15:26 EDT 2018]; root of context hierarchy
2018-06-19 22:15:31.670  WARN 6900 --- [main] aWebConfiguration$JpaWebMvcConfiguration : spring.jpa.open-in-view is enabled by default. Therefore, database queries may be performed during view rendering. Explicitly configure spring.jpa.open-in-view to disable this warning
2018-06-19 22:15:31.710  INFO 6900 --- [main] s.w.s.m.m.a.RequestMappingHandlerMapping : Mapped "{[/rest/fileExists/{id:[\d]+}],methods=[GET]}" onto public org.springframework.http.ResponseEntity<com.blastfurnace.otr.rest.response.GenericRestResponse<com.blastfurnace.otr.model.AudioFileProperties>> com.blastfurnace.otr.rest.AudioDataRestController.get(long)
2018-06-19 22:15:31.713  INFO 6900 --- [main] s.w.s.m.m.a.RequestMappingHandlerMapping : Mapped "{[/error]}" onto public org.springframework.http.ResponseEntity<java.util.Map<java.lang.String, java.lang.Object>> org.springframework.boot.autoconfigure.web.servlet.error.BasicErrorController.error(javax.servlet.http.HttpServletRequest)
2018-06-19 22:15:31.714  INFO 6900 --- [main] s.w.s.m.m.a.RequestMappingHandlerMapping : Mapped "{[/error],produces=[text/html]}" onto public org.springframework.web.servlet.ModelAndView org.springframework.boot.autoconfigure.web.servlet.error.BasicErrorController.errorHtml(javax.servlet.http.HttpServletRequest,javax.servlet.http.HttpServletResponse)
2018-06-19 22:15:31.750  INFO 6900 --- [main] o.s.w.s.handler.SimpleUrlHandlerMapping  : Mapped URL path [/webjars/**] onto handler of type [class org.springframework.web.servlet.resource.ResourceHttpRequestHandler]
2018-06-19 22:15:31.750  INFO 6900 --- [main] o.s.w.s.handler.SimpleUrlHandlerMapping  : Mapped URL path [/**] onto handler of type [class org.springframework.web.servlet.resource.ResourceHttpRequestHandler]
2018-06-19 22:15:32.780  INFO 6900 --- [main] ConfigServletWebServerApplicationContext : Refreshing org.springframework.boot.web.servlet.context.AnnotationConfigServletWebServerApplicationContext@4d634127: startup date [Tue Jun 19 22:15:32 EDT 2018]; parent: org.springframework.boot.web.servlet.context.AnnotationConfigServletWebServerApplicationContext@415b0b49
2018-06-19 22:15:32.840  INFO 6900 --- [main] o.s.b.f.s.DefaultListableBeanFactory     : Overriding bean definition for bean 'handlerExceptionResolver' with a different definition: replacing [Root bean: class [null]; scope=; abstract=false; lazyInit=false; autowireMode=3; dependencyCheck=0; autowireCandidate=true; primary=false; factoryBeanName=org.springframework.web.servlet.config.annotation.DelegatingWebMvcConfiguration; factoryMethodName=handlerExceptionResolver; initMethodName=null; destroyMethodName=(inferred); defined in class path resource [org/springframework/web/servlet/config/annotation/DelegatingWebMvcConfiguration.class]] with [Root bean: class [null]; scope=; abstract=false; lazyInit=false; autowireMode=3; dependencyCheck=0; autowireCandidate=true; primary=false; factoryBeanName=org.springframework.boot.actuate.autoconfigure.web.servlet.WebMvcEndpointChildContextConfiguration; factoryMethodName=compositeHandlerExceptionResolver; initMethodName=null; destroyMethodName=(inferred); defined in class path resource [org/springframework/boot/actuate/autoconfigure/web/servlet/WebMvcEndpointChildContextConfiguration.class]]
2018-06-19 22:15:32.894  INFO 6900 --- [main] o.s.b.w.embedded.tomcat.TomcatWebServer  : Tomcat initialized with port(s): 9001 (http)
2018-06-19 22:15:32.895  INFO 6900 --- [main] o.apache.catalina.core.StandardService   : Starting service [Tomcat]
2018-06-19 22:15:32.896  INFO 6900 --- [main] org.apache.catalina.core.StandardEngine  : Starting Servlet Engine: Apache Tomcat/8.5.31
2018-06-19 22:15:32.908  INFO 6900 --- [localhost-startStop-1] o.a.c.c.C.[Tomcat-1].[localhost].[/]     : Initializing Spring embedded WebApplicationContext
2018-06-19 22:15:32.909  INFO 6900 --- [localhost-startStop-1] o.s.web.context.ContextLoader            : Root WebApplicationContext: initialization completed in 129 ms
2018-06-19 22:15:32.940  INFO 6900 --- [localhost-startStop-1] o.s.b.w.servlet.ServletRegistrationBean  : Servlet dispatcherServlet mapped to [/]
2018-06-19 22:15:32.961  INFO 6900 --- [main] o.s.b.a.e.web.EndpointLinksResolver      : Exposing 2 endpoint(s) beneath base path '/actuator'
2018-06-19 22:15:32.973  INFO 6900 --- [main] s.b.a.e.w.s.WebMvcEndpointHandlerMapping : Mapped "{[/actuator/health],methods=[GET],produces=[application/vnd.spring-boot.actuator.v2+json || application/json]}" onto public java.lang.Object org.springframework.boot.actuate.endpoint.web.servlet.AbstractWebMvcEndpointHandlerMapping$OperationHandler.handle(javax.servlet.http.HttpServletRequest,java.util.Map<java.lang.String, java.lang.String>)
2018-06-19 22:15:32.974  INFO 6900 --- [main] s.b.a.e.w.s.WebMvcEndpointHandlerMapping : Mapped "{[/actuator/info],methods=[GET],produces=[application/vnd.spring-boot.actuator.v2+json || application/json]}" onto public java.lang.Object org.springframework.boot.actuate.endpoint.web.servlet.AbstractWebMvcEndpointHandlerMapping$OperationHandler.handle(javax.servlet.http.HttpServletRequest,java.util.Map<java.lang.String, java.lang.String>)
2018-06-19 22:15:32.975  INFO 6900 --- [main] s.b.a.e.w.s.WebMvcEndpointHandlerMapping : Mapped "{[/actuator],methods=[GET],produces=[application/vnd.spring-boot.actuator.v2+json || application/json]}" onto protected java.util.Map<java.lang.String, java.util.Map<java.lang.String, org.springframework.boot.actuate.endpoint.web.Link>> org.springframework.boot.actuate.endpoint.web.servlet.WebMvcEndpointHandlerMapping.links(javax.servlet.http.HttpServletRequest,javax.servlet.http.HttpServletResponse)
2018-06-19 22:15:33.020  INFO 6900 --- [main] s.w.s.m.m.a.RequestMappingHandlerMapping : Mapped "{[/error]}" onto public java.util.Map<java.lang.String, java.lang.Object> org.springframework.boot.actuate.autoconfigure.web.servlet.ManagementErrorEndpoint.invoke(org.springframework.web.context.request.ServletWebRequest)
2018-06-19 22:15:33.030  INFO 6900 --- [main] o.s.w.s.handler.SimpleUrlHandlerMapping  : Mapped URL path [/webjars/**] onto handler of type [class org.springframework.web.servlet.resource.ResourceHttpRequestHandler]
2018-06-19 22:15:33.031  INFO 6900 --- [main] o.s.w.s.handler.SimpleUrlHandlerMapping  : Mapped URL path [/**] onto handler of type [class org.springframework.web.servlet.resource.ResourceHttpRequestHandler]
2018-06-19 22:15:33.058  INFO 6900 --- [main] s.w.s.m.m.a.RequestMappingHandlerAdapter : Looking for @ControllerAdvice: org.springframework.boot.web.servlet.context.AnnotationConfigServletWebServerApplicationContext@4d634127: startup date [Tue Jun 19 22:15:32 EDT 2018]; parent: org.springframework.boot.web.servlet.context.AnnotationConfigServletWebServerApplicationContext@415b0b49
2018-06-19 22:15:33.119  INFO 6900 --- [main] o.s.b.w.embedded.tomcat.TomcatWebServer  : Tomcat started on port(s): 9001 (http) with context path ''
2018-06-19 22:15:33.138  INFO 6900 --- [main] o.s.b.w.embedded.tomcat.TomcatWebServer  : Tomcat started on port(s): 58339 (http) with context path ''
2018-06-19 22:15:33.140  INFO 6900 --- [main] c.b.otr.FileServiceApplicationTests      : Started FileServiceApplicationTests in 7.256 seconds (JVM running for 7.925)
2018-06-19 22:15:33.373  INFO 6900 --- [http-nio-127.0.0.1-9001-exec-1] o.a.c.c.C.[Tomcat-1].[localhost].[/]     : Initializing Spring FrameworkServlet 'dispatcherServlet'
2018-06-19 22:15:33.373  INFO 6900 --- [http-nio-127.0.0.1-9001-exec-1] o.s.web.servlet.DispatcherServlet        : FrameworkServlet 'dispatcherServlet': initialization started
2018-06-19 22:15:33.392  INFO 6900 --- [http-nio-127.0.0.1-9001-exec-1] o.s.web.servlet.DispatcherServlet        : FrameworkServlet 'dispatcherServlet': initialization completed in 19 ms
2018-06-19 22:15:33.598  INFO 6900 --- [Thread-6] ConfigServletWebServerApplicationContext : Closing org.springframework.boot.web.servlet.context.AnnotationConfigServletWebServerApplicationContext@415b0b49: startup date [Tue Jun 19 22:15:26 EDT 2018]; root of context hierarchy
2018-06-19 22:15:33.599  INFO 6900 --- [Thread-6] ConfigServletWebServerApplicationContext : Closing org.springframework.boot.web.servlet.context.AnnotationConfigServletWebServerApplicationContext@4d634127: startup date [Tue Jun 19 22:15:32 EDT 2018]; parent: org.springframework.boot.web.servlet.context.AnnotationConfigServletWebServerApplicationContext@415b0b49
2018-06-19 22:15:33.668  INFO 6900 --- [Thread-6] j.LocalContainerEntityManagerFactoryBean : Closing JPA EntityManagerFactory for persistence unit 'default'
2018-06-19 22:15:33.669  INFO 6900 --- [Thread-6] com.zaxxer.hikari.HikariDataSource       : HikariPool-1 - Shutdown initiated...
2018-06-19 22:15:33.672  INFO 6900 --- [Thread-6] com.zaxxer.hikari.HikariDataSource       : HikariPool-1 - Shutdown completed.
